0 info it worked if it ends with ok
1 verbose cli [ 'node', '/usr/local/bin/npm', 'install', '-g', 'browser-sync' ]
2 info using npm@1.4.28
3 info using node@v0.10.32
4 verbose cache add [ 'browser-sync', null ]
5 verbose cache add name=undefined spec="browser-sync" args=["browser-sync",null]
6 verbose parsed url { protocol: null,
6 verbose parsed url   slashes: null,
6 verbose parsed url   auth: null,
6 verbose parsed url   host: null,
6 verbose parsed url   port: null,
6 verbose parsed url   hostname: null,
6 verbose parsed url   hash: null,
6 verbose parsed url   search: null,
6 verbose parsed url   query: null,
6 verbose parsed url   pathname: 'browser-sync',
6 verbose parsed url   path: 'browser-sync',
6 verbose parsed url   href: 'browser-sync' }
7 silly lockFile 6d7be3df-browser-sync browser-sync
8 verbose lock browser-sync /Users/Lindley/.npm/6d7be3df-browser-sync.lock
9 silly lockFile 6d7be3df-browser-sync browser-sync
10 silly lockFile 6d7be3df-browser-sync browser-sync
11 verbose addNamed [ 'browser-sync', '' ]
12 verbose addNamed [ null, '*' ]
13 silly lockFile 6373e9ab-browser-sync browser-sync@
14 verbose lock browser-sync@ /Users/Lindley/.npm/6373e9ab-browser-sync.lock
15 silly addNameRange { name: 'browser-sync', range: '*', hasData: false }
16 verbose request where is /browser-sync
17 verbose request registry https://registry.npmjs.org/
18 verbose request id 7f28f139fc75d3c4
19 verbose url raw /browser-sync
20 verbose url resolving [ 'https://registry.npmjs.org/', './browser-sync' ]
21 verbose url resolved https://registry.npmjs.org/browser-sync
22 verbose request where is https://registry.npmjs.org/browser-sync
23 info trying registry request attempt 1 at 08:31:14
24 verbose etag "YMF2QZFVN5ARFA9R7QEWQ0JB"
25 http GET https://registry.npmjs.org/browser-sync
26 http 304 https://registry.npmjs.org/browser-sync
27 silly registry.get cb [ 304,
27 silly registry.get   { date: 'Thu, 19 Feb 2015 15:31:14 GMT',
27 silly registry.get     server: 'Apache',
27 silly registry.get     via: '1.1 varnish',
27 silly registry.get     'last-modified': 'Thu, 19 Feb 2015 15:31:14 GMT',
27 silly registry.get     'cache-control': 'max-age=60',
27 silly registry.get     etag: '"YMF2QZFVN5ARFA9R7QEWQ0JB"',
27 silly registry.get     age: '0',
27 silly registry.get     'x-served-by': 'cache-sjc3122-SJC',
27 silly registry.get     'x-cache': 'HIT',
27 silly registry.get     'x-cache-hits': '1',
27 silly registry.get     'x-timer': 'S1424359874.413313,VS0,VE355',
27 silly registry.get     vary: 'Accept',
27 silly registry.get     'content-length': '0',
27 silly registry.get     'keep-alive': 'timeout=10, max=50',
27 silly registry.get     connection: 'Keep-Alive' } ]
28 verbose etag https://registry.npmjs.org/browser-sync from cache
29 silly addNameRange number 2 { name: 'browser-sync', range: '*', hasData: true }
30 silly addNameRange versions [ 'browser-sync',
30 silly addNameRange   [ '0.1.0',
30 silly addNameRange     '0.1.1',
30 silly addNameRange     '0.1.3',
30 silly addNameRange     '0.1.5',
30 silly addNameRange     '0.1.6',
30 silly addNameRange     '0.1.7',
30 silly addNameRange     '0.1.8',
30 silly addNameRange     '0.1.9',
30 silly addNameRange     '0.1.10',
30 silly addNameRange     '0.2.0',
30 silly addNameRange     '0.2.1',
30 silly addNameRange     '0.3.0',
30 silly addNameRange     '0.3.1',
30 silly addNameRange     '0.3.2',
30 silly addNameRange     '0.3.3',
30 silly addNameRange     '0.3.4',
30 silly addNameRange     '0.3.5',
30 silly addNameRange     '0.3.6',
30 silly addNameRange     '0.3.7',
30 silly addNameRange     '0.3.8',
30 silly addNameRange     '0.3.10',
30 silly addNameRange     '0.4.0',
30 silly addNameRange     '0.4.1',
30 silly addNameRange     '0.4.2',
30 silly addNameRange     '0.4.21',
30 silly addNameRange     '0.4.3',
30 silly addNameRange     '0.4.4',
30 silly addNameRange     '0.4.5',
30 silly addNameRange     '0.4.6',
30 silly addNameRange     '0.4.7',
30 silly addNameRange     '0.4.8',
30 silly addNameRange     '0.4.9',
30 silly addNameRange     '0.4.10',
30 silly addNameRange     '0.4.11',
30 silly addNameRange     '0.4.12',
30 silly addNameRange     '0.5.0',
30 silly addNameRange     '0.5.1',
30 silly addNameRange     '0.5.2',
30 silly addNameRange     '0.5.3',
30 silly addNameRange     '0.5.4',
30 silly addNameRange     '0.5.5',
30 silly addNameRange     '0.5.6',
30 silly addNameRange     '0.5.7',
30 silly addNameRange     '0.5.8',
30 silly addNameRange     '0.5.9',
30 silly addNameRange     '0.6.0',
30 silly addNameRange     '0.6.1',
30 silly addNameRange     '0.6.2',
30 silly addNameRange     '0.7.0',
30 silly addNameRange     '0.7.1',
30 silly addNameRange     '0.7.2',
30 silly addNameRange     '0.7.3',
30 silly addNameRange     '0.7.4',
30 silly addNameRange     '0.7.5',
30 silly addNameRange     '0.7.7',
30 silly addNameRange     '0.8.0',
30 silly addNameRange     '0.8.1',
30 silly addNameRange     '0.8.2',
30 silly addNameRange     '0.9.0',
30 silly addNameRange     '0.9.1',
30 silly addNameRange     '1.0.0',
30 silly addNameRange     '1.1.0',
30 silly addNameRange     '1.1.1',
30 silly addNameRange     '1.1.2',
30 silly addNameRange     '1.2.0',
30 silly addNameRange     '1.2.1',
30 silly addNameRange     '1.3.0',
30 silly addNameRange     '1.3.2',
30 silly addNameRange     '1.3.3',
30 silly addNameRange     '1.3.4',
30 silly addNameRange     '1.3.5',
30 silly addNameRange     '1.3.6',
30 silly addNameRange     '1.3.7',
30 silly addNameRange     '1.5.0',
30 silly addNameRange     '1.5.1',
30 silly addNameRange     '1.5.2',
30 silly addNameRange     '1.5.3',
30 silly addNameRange     '1.5.4',
30 silly addNameRange     '1.5.5',
30 silly addNameRange     '1.5.6',
30 silly addNameRange     '1.5.7',
30 silly addNameRange     '1.5.8',
30 silly addNameRange     '1.5.9',
30 silly addNameRange     '1.6.0',
30 silly addNameRange     '1.6.1',
30 silly addNameRange     '1.6.2',
30 silly addNameRange     '1.6.3',
30 silly addNameRange     '1.6.4',
30 silly addNameRange     '1.6.5',
30 silly addNameRange     '1.7.0',
30 silly addNameRange     '1.7.1',
30 silly addNameRange     '1.7.2',
30 silly addNameRange     '1.7.3',
30 silly addNameRange     '1.8.0',
30 silly addNameRange     '1.8.1',
30 silly addNameRange     '1.8.2',
30 silly addNameRange     '1.8.3',
30 silly addNameRange     '1.9.0',
30 silly addNameRange     '1.9.1',
30 silly addNameRange     '2.0.0-rc1',
30 silly addNameRange     '2.0.0-rc2',
30 silly addNameRange     '2.0.0-rc3',
30 silly addNameRange     '2.0.0-rc4',
30 silly addNameRange     '2.0.0-rc5',
30 silly addNameRange     '2.0.0-rc6',
30 silly addNameRange     '2.0.0-rc7',
30 silly addNameRange     '2.0.0-rc8',
30 silly addNameRange     '2.0.0-rc9',
30 silly addNameRange     '2.0.0-rc10',
30 silly addNameRange     '2.0.0',
30 silly addNameRange     '2.0.1',
30 silly addNameRange     '2.1.0',
30 silly addNameRange     '2.1.1',
30 silly addNameRange     '2.1.2',
30 silly addNameRange     '2.1.3',
30 silly addNameRange     '2.1.4',
30 silly addNameRange     '2.1.6',
30 silly addNameRange     '2.2.0' ] ]
31 verbose addNamed [ 'browser-sync', '2.2.0' ]
32 verbose addNamed [ '2.2.0', '2.2.0' ]
33 silly lockFile 3f23be45-browser-sync-2-2-0 browser-sync@2.2.0
34 verbose lock browser-sync@2.2.0 /Users/Lindley/.npm/3f23be45-browser-sync-2-2-0.lock
35 silly lockFile 09ec3dad-wser-sync-browser-sync-2-2-0-tgz https://registry.npmjs.org/browser-sync/-/browser-sync-2.2.0.tgz
36 verbose lock https://registry.npmjs.org/browser-sync/-/browser-sync-2.2.0.tgz /Users/Lindley/.npm/09ec3dad-wser-sync-browser-sync-2-2-0-tgz.lock
37 verbose addRemoteTarball [ 'https://registry.npmjs.org/browser-sync/-/browser-sync-2.2.0.tgz',
37 verbose addRemoteTarball   '20a2fa32da852414b36754701fbf9e5334e31fb9' ]
38 info retry fetch attempt 1 at 08:31:14
39 verbose fetch to= /var/folders/p_/24pmqh856z9_p5zdsgpwpcgh0000gp/T/npm-5919-OmvQ6mRd/registry.npmjs.org/browser-sync/-/browser-sync-2.2.0.tgz
40 http GET https://registry.npmjs.org/browser-sync/-/browser-sync-2.2.0.tgz
41 http 200 https://registry.npmjs.org/browser-sync/-/browser-sync-2.2.0.tgz
42 silly lockFile 09ec3dad-wser-sync-browser-sync-2-2-0-tgz https://registry.npmjs.org/browser-sync/-/browser-sync-2.2.0.tgz
43 silly lockFile 09ec3dad-wser-sync-browser-sync-2-2-0-tgz https://registry.npmjs.org/browser-sync/-/browser-sync-2.2.0.tgz
44 silly lockFile 3f23be45-browser-sync-2-2-0 browser-sync@2.2.0
45 silly lockFile 3f23be45-browser-sync-2-2-0 browser-sync@2.2.0
46 silly lockFile 6373e9ab-browser-sync browser-sync@
47 silly lockFile 6373e9ab-browser-sync browser-sync@
48 error Error: EACCES, mkdir '/Users/Lindley/.npm/browser-sync/2.2.0'
48 error  { [Error: EACCES, mkdir '/Users/Lindley/.npm/browser-sync/2.2.0']
48 error   errno: 3,
48 error   code: 'EACCES',
48 error   path: '/Users/Lindley/.npm/browser-sync/2.2.0' }
49 error Please try running this command again as root/Administrator.
50 error System Darwin 14.1.0
51 error command "node" "/usr/local/bin/npm" "install" "-g" "browser-sync"
52 error cwd /Users/Lindley/Desktop/the-kendo-ui-book
53 error node -v v0.10.32
54 error npm -v 1.4.28
55 error path /Users/Lindley/.npm/browser-sync/2.2.0
56 error code EACCES
57 error errno 3
58 error stack Error: EACCES, mkdir '/Users/Lindley/.npm/browser-sync/2.2.0'
59 verbose exit [ 3, true ]
